[debug] [2019-03-13T19:58:59.551Z] ----------------------------------------------------------------------
[debug] [2019-03-13T19:58:59.554Z] Command:       /home/anjara-lahatra/.nvm/versions/node/v8.11.1/bin/node /usr/bin/firebase serve
[debug] [2019-03-13T19:58:59.554Z] CLI Version:   6.4.0
[debug] [2019-03-13T19:58:59.554Z] Platform:      linux
[debug] [2019-03-13T19:58:59.554Z] Node Version:  v8.11.1
[debug] [2019-03-13T19:58:59.554Z] Time:          Wed Mar 13 2019 22:58:59 GMT+0300 (EAT)
[debug] [2019-03-13T19:58:59.554Z] ----------------------------------------------------------------------
[debug] 
[debug] [2019-03-13T19:58:59.564Z] > command requires scopes: ["email","openid","https://www.googleapis.com/auth/cloudplatformprojects.readonly","https://www.googleapis.com/auth/firebase","https://www.googleapis.com/auth/cloud-platform"]
[debug] [2019-03-13T19:58:59.564Z] > authorizing via signed-in user
[debug] [2019-03-13T19:58:59.564Z] [iam] checking project notedefrais-1525433608047 for permissions ["firebase.projects.get"]
[debug] [2019-03-13T19:58:59.566Z] >>> HTTP REQUEST POST https://cloudresourcemanager.googleapis.com/v1/projects/notedefrais-1525433608047:testIamPermissions  

[debug] [2019-03-13T19:59:01.566Z] <<< HTTP RESPONSE 200
[debug] [2019-03-13T19:59:01.569Z] >>> HTTP REQUEST GET https://cloudresourcemanager.googleapis.com/v1/projects/notedefrais-1525433608047  
 
[debug] [2019-03-13T19:59:03.144Z] <<< HTTP RESPONSE 200
[info] 
[info] === Serving from '/media/anjara-lahatra/anjara@lahatra.dell1/Boulot/firebase'...
[info] 
[info] i  functions: Preparing to emulate functions.
[debug] [2019-03-13T19:59:03.865Z] Fetching environment
[debug] [2019-03-13T19:59:03.870Z] >>> HTTP REQUEST GET https://mobilesdk-pa.googleapis.com/v1/projects/195772430397:getServerAppConfig  
 
[debug] [2019-03-13T19:59:03.870Z] >>> HTTP REQUEST GET https://mobilesdk-pa.googleapis.com/v1/projects/195772430397/clients/_:getWebAppConfig  
 
[debug] [2019-03-13T19:59:05.144Z] <<< HTTP RESPONSE 200
[debug] [2019-03-13T19:59:05.144Z] Starting @google-cloud/functions-emulator
[debug] [2019-03-13T19:59:05.239Z] <<< HTTP RESPONSE 200
[info] i  hosting: Serving hosting files from: public
[info] ✔  hosting: Local server: http://localhost:5000
[debug] [2019-03-13T19:59:06.672Z] Parsing function triggers
[info] ✔  functions: app: http://localhost:5001/notedefrais-1525433608047/us-central1/app
[info] [hosting] Rewriting /api/maladie to local function app
[info] [hosting] Rewriting /api/maladie to local function app
[info] [hosting] Rewriting /api/maladie to local function app
[info] [hosting] Rewriting /api/maladie to local function app
[info] [hosting] Rewriting /api/maladie to local function app
[info] [hosting] Rewriting /api/maladie to local function app
[info] [hosting] Rewriting /api/maladie to local function app
[info] [hosting] Rewriting /api/maladie to local function app
[info] [hosting] Rewriting /api/maladie to local function app
[info] [hosting] Rewriting /api/maladie to local function app
[info] [hosting] Rewriting /api/maladie to local function app
[info] [hosting] Rewriting /api/profile to local function app
[info] [hosting] Rewriting /api/profile to local function app
[info] [hosting] Rewriting /api/profile to local function app
[info] [hosting] Rewriting /api/profile to local function app
[info] [hosting] Rewriting /api/voyage to local function app
[info] [hosting] Rewriting /api/voyage to local function app
[info] [hosting] Rewriting /api/voyage to local function app
